Traceback (most recent call last):
  File "/Energiebox/Tracer/readall.py", line 43, in <module>
    value = reg.decode(rr)
  File "/Energiebox/Tracer/pyepsolartracer/registers.py", line 91, in decode
    return Value(self, self.rawvalue(response))
  File "/Energiebox/Tracer/pyepsolartracer/registers.py", line 79, in rawvalue
    raise "prkl"
TypeError: exceptions must derive from BaseException
Traceback (most recent call last):
  File "/Energiebox/Tracer/readall.py", line 43, in <module>
    value = reg.decode(rr)
  File "/Energiebox/Tracer/pyepsolartracer/registers.py", line 91, in decode
    return Value(self, self.rawvalue(response))
  File "/Energiebox/Tracer/pyepsolartracer/registers.py", line 79, in rawvalue
    raise "prkl"
TypeError: exceptions must derive from BaseException
ERROR:pymodbus.logging:[Errno 11] Could not exclusively lock port /dev/ttyACM0: [Errno 11] Resource temporarily unavailable
ERROR:pymodbus.logging:[Errno 11] Could not exclusively lock port /dev/ttyACM0: [Errno 11] Resource temporarily unavailable
Traceback (most recent call last):
  File "/Energiebox/Tracer/readall.py", line 20, in <module>
    response = client.execute(request)
  File "/Energiebox/Tracer/pymodbus/client/base.py", line 395, in execute
    raise ConnectionException(f"Failed to connect[{self!s}]")
pymodbus.exceptions.ConnectionException: Modbus Error: [Connection] Failed to connect[ModbusSerialClient /dev/ttyACM0:0]
ERROR:pymodbus.logging:[Errno 11] Could not exclusively lock port /dev/ttyACM0: [Errno 11] Resource temporarily unavailable
ERROR:pymodbus.logging:[Errno 11] Could not exclusively lock port /dev/ttyACM0: [Errno 11] Resource temporarily unavailable
Traceback (most recent call last):
  File "/Energiebox/Tracer/readall.py", line 20, in <module>
    response = client.execute(request)
  File "/Energiebox/Tracer/pymodbus/client/base.py", line 395, in execute
    raise ConnectionException(f"Failed to connect[{self!s}]")
pymodbus.exceptions.ConnectionException: Modbus Error: [Connection] Failed to connect[ModbusSerialClient /dev/ttyACM0:0]
ERROR:pymodbus.logging:[Errno 11] Could not exclusively lock port /dev/ttyACM0: [Errno 11] Resource temporarily unavailable
ERROR:pymodbus.logging:[Errno 11] Could not exclusively lock port /dev/ttyACM0: [Errno 11] Resource temporarily unavailable
Traceback (most recent call last):
  File "/Energiebox/Tracer/readall.py", line 20, in <module>
    response = client.execute(request)
  File "/Energiebox/Tracer/pymodbus/client/base.py", line 395, in execute
    raise ConnectionException(f"Failed to connect[{self!s}]")
pymodbus.exceptions.ConnectionException: Modbus Error: [Connection] Failed to connect[ModbusSerialClient /dev/ttyACM0:0]
ERROR:pymodbus.logging:[Errno 11] Could not exclusively lock port /dev/ttyACM0: [Errno 11] Resource temporarily unavailable
ERROR:pymodbus.logging:[Errno 11] Could not exclusively lock port /dev/ttyACM0: [Errno 11] Resource temporarily unavailable
Traceback (most recent call last):
  File "/Energiebox/Tracer/readall.py", line 20, in <module>
    response = client.execute(request)
  File "/Energiebox/Tracer/pymodbus/client/base.py", line 395, in execute
    raise ConnectionException(f"Failed to connect[{self!s}]")
pymodbus.exceptions.ConnectionException: Modbus Error: [Connection] Failed to connect[ModbusSerialClient /dev/ttyACM0:0]
ERROR:pymodbus.logging:[Errno 11] Could not exclusively lock port /dev/ttyACM0: [Errno 11] Resource temporarily unavailable
ERROR:pymodbus.logging:[Errno 11] Could not exclusively lock port /dev/ttyACM0: [Errno 11] Resource temporarily unavailable
Traceback (most recent call last):
  File "/Energiebox/Tracer/readall.py", line 20, in <module>
    response = client.execute(request)
  File "/Energiebox/Tracer/pymodbus/client/base.py", line 395, in execute
    raise ConnectionException(f"Failed to connect[{self!s}]")
pymodbus.exceptions.ConnectionException: Modbus Error: [Connection] Failed to connect[ModbusSerialClient /dev/ttyACM0:0]
/Energiebox/Tracer/trace: MySQL-Verbindung fehlgeschlagen: Access denied for user 'root'@'localhost' (using password: NO)
/Energiebox/Tracer/trace: MySQL-Verbindung fehlgeschlagen: Access denied for user 'root'@'localhost' (using password: NO)
/Energiebox/Tracer/trace: MySQL-Verbindung fehlgeschlagen: Access denied for user 'root'@'localhost' (using password: NO)
/Energiebox/Tracer/trace: MySQL-Verbindung fehlgeschlagen: Access denied for user 'root'@'localhost' (using password: NO)
/Energiebox/Tracer/trace: MySQL-Verbindung fehlgeschlagen: Access denied for user 'root'@'localhost' (using password: NO)
/Energiebox/Tracer/trace: MySQL-Verbindung fehlgeschlagen: Access denied for user 'root'@'localhost' (using password: NO)
/Energiebox/Tracer/trace: MySQL-Verbindung fehlgeschlagen: Access denied for user 'root'@'localhost' (using password: NO)
/Energiebox/Tracer/trace: MySQL-Verbindung fehlgeschlagen: Access denied for user 'root'@'localhost' (using password: NO)
/Energiebox/Tracer/trace: MySQL-Verbindung fehlgeschlagen: Access denied for user 'root'@'localhost' (using password: NO)
/Energiebox/Tracer/trace: MySQL-Verbindung fehlgeschlagen: Access denied for user 'root'@'localhost' (using password: NO)
/Energiebox/Tracer/trace: MySQL-Verbindung fehlgeschlagen: Access denied for user 'root'@'localhost' (using password: NO)
/Energiebox/Tracer/trace: MySQL-Verbindung fehlgeschlagen: Access denied for user 'root'@'localhost' (using password: NO)
/Energiebox/Tracer/trace: MySQL-Verbindung fehlgeschlagen: Access denied for user 'root'@'localhost' (using password: NO)
/Energiebox/Tracer/trace: MySQL-Verbindung fehlgeschlagen: Access denied for user 'root'@'localhost' (using password: NO)
/Energiebox/Tracer/trace: MySQL-Verbindung fehlgeschlagen: Access denied for user 'root'@'localhost' (using password: NO)
/Energiebox/Tracer/trace: MySQL-Verbindung fehlgeschlagen: Access denied for user 'root'@'localhost' (using password: NO)
/Energiebox/Tracer/trace: MySQL-Verbindung fehlgeschlagen: Access denied for user 'root'@'localhost' (using password: NO)
/Energiebox/Tracer/trace: MySQL-Verbindung fehlgeschlagen: Access denied for user 'root'@'localhost' (using password: NO)
/Energiebox/Tracer/trace: MySQL-Verbindung fehlgeschlagen: Access denied for user 'root'@'localhost' (using password: NO)
/Energiebox/Tracer/trace: MySQL-Verbindung fehlgeschlagen: Access denied for user 'root'@'localhost' (using password: NO)
/Energiebox/Tracer/trace: MySQL-Verbindung fehlgeschlagen: Access denied for user 'root'@'localhost' (using password: NO)
/Energiebox/Tracer/trace: MySQL-Verbindung fehlgeschlagen: Access denied for user 'root'@'localhost' (using password: NO)
ERROR:pymodbus.logging:[Errno 11] Could not exclusively lock port /dev/ttyACM0: [Errno 11] Resource temporarily unavailable
ERROR:pymodbus.logging:[Errno 11] Could not exclusively lock port /dev/ttyACM0: [Errno 11] Resource temporarily unavailable
Traceback (most recent call last):
  File "/Energiebox/Tracer/readall.py", line 20, in <module>
    response = client.execute(request)
  File "/Energiebox/Tracer/pymodbus/client/base.py", line 395, in execute
    raise ConnectionException(f"Failed to connect[{self!s}]")
pymodbus.exceptions.ConnectionException: Modbus Error: [Connection] Failed to connect[ModbusSerialClient /dev/ttyACM0:0]
/Energiebox/Tracer/trace: Fehler: "python3 python3 /Energiebox/Tracer/readall.py" nicht ausführen
Exception ignored in: <_io.TextIOWrapper name='<stdout>' mode='w' encoding='utf-8'>
BrokenPipeError: [Errno 32] Broken pipe
sh: 1: python3 /Energiebox/Tracer/readall.py: not found
sh: 1: python3 /Energiebox/Tracer/readall.py: not found
sh: 1: python3 /Energiebox/Tracer/readall.py: not found
sh: 1: python3 /Energiebox/Tracer/readall.py: not found
sh: 1: python3 /Energiebox/Tracer/readall.py: not found
sh: 1: python3 /Energiebox/Tracer/readall.py: not found
sh: 1: python3 /Energiebox/Tracer/readall.py: not found
sh: 1: python3 /Energiebox/Tracer/readall.py: not found
Traceback (most recent call last):
  File "/Energiebox/Tracer/readall.py", line 15, in <module>
    epever_port = config['system']['epeverPort']
  File "/usr/lib/python3.9/configparser.py", line 960, in __getitem__
    raise KeyError(key)
KeyError: 'system'
